[0m22:21:51.976514 [debug] [MainThread]: Sending event: {'category': 'dbt', 'action': 'invocation', 'label': 'start', 'context': [<snowplow_tracker.self_describing_json.SelfDescribingJson object at 0x7f8e16c33a30>, <snowplow_tracker.self_describing_json.SelfDescribingJson object at 0x7f8e178b2800>, <snowplow_tracker.self_describing_json.SelfDescribingJson object at 0x7f8e178b2860>]}


============================== 22:21:51.979713 | fd50045f-4982-4203-9dea-1c38736b5771 ==============================
[0m22:21:51.979713 [info ] [MainThread]: Running with dbt=1.9.1
[0m22:21:51.980607 [debug] [MainThread]: running dbt with arguments {'printer_width': '80', 'indirect_selection': 'eager', 'write_json': 'True', 'log_cache_events': 'False', 'partial_parse': 'True', 'cache_selected_only': 'False', 'warn_error': 'None', 'version_check': 'True', 'fail_fast': 'False', 'log_path': 'logs', 'debug': 'False', 'profiles_dir': '/home/ducnh51/.dbt', 'use_colors': 'True', 'use_experimental_parser': 'False', 'no_print': 'None', 'quiet': 'False', 'empty': 'None', 'log_format': 'default', 'introspect': 'True', 'invocation_command': 'dbt init', 'warn_error_options': 'WarnErrorOptions(include=[], exclude=[])', 'target_path': 'None', 'static_parser': 'True', 'send_anonymous_usage_stats': 'True'}
[0m22:21:58.249116 [debug] [MainThread]: Starter project path: /home/ducnh51/.local/lib/python3.10/site-packages/dbt/include/starter_project
[0m22:21:58.253549 [info ] [MainThread]: 
Your new dbt project "data_pipeline" was created!

For more information on how to configure the profiles.yml file,
please consult the dbt documentation here:

  https://docs.getdbt.com/docs/configure-your-profile

One more thing:

Need help? Don't hesitate to reach out to us via GitHub issues or on Slack:

  https://community.getdbt.com/

Happy modeling!

[0m22:21:58.254147 [info ] [MainThread]: Setting up your profile.
[0m22:23:49.138491 [info ] [MainThread]: Profile data_pipeline written to /home/ducnh51/.dbt/profiles.yml using target's profile_template.yml and your supplied values. Run 'dbt debug' to validate the connection.
[0m22:23:49.140569 [debug] [MainThread]: Resource report: {"command_name": "init", "command_success": true, "command_wall_clock_time": 117.22943, "process_in_blocks": "0", "process_kernel_time": 0.415459, "process_mem_max_rss": "156432", "process_out_blocks": "80", "process_user_time": 2.294383}
[0m22:23:49.141447 [debug] [MainThread]: Command `dbt init` succeeded at 22:23:49.141287 after 117.23 seconds
[0m22:23:49.141948 [debug] [MainThread]: Sending event: {'category': 'dbt', 'action': 'invocation', 'label': 'end', 'context': [<snowplow_tracker.self_describing_json.SelfDescribingJson object at 0x7f8e16c33a30>, <snowplow_tracker.self_describing_json.SelfDescribingJson object at 0x7f8e178b28c0>, <snowplow_tracker.self_describing_json.SelfDescribingJson object at 0x7f8e178b2050>]}
[0m22:23:49.142543 [debug] [MainThread]: Flushing usage events
[0m22:23:50.296710 [debug] [MainThread]: An error was encountered while trying to flush usage events
[0m22:53:02.103341 [debug] [MainThread]: Sending event: {'category': 'dbt', 'action': 'invocation', 'label': 'start', 'context': [<snowplow_tracker.self_describing_json.SelfDescribingJson object at 0x7faf8372fa00>, <snowplow_tracker.self_describing_json.SelfDescribingJson object at 0x7faf84378760>, <snowplow_tracker.self_describing_json.SelfDescribingJson object at 0x7faf84378340>]}


============================== 22:53:02.108582 | a653d0d7-1aa9-47ea-bcc6-21341cdc718c ==============================
[0m22:53:02.108582 [info ] [MainThread]: Running with dbt=1.9.1
[0m22:53:02.109581 [debug] [MainThread]: running dbt with arguments {'printer_width': '80', 'indirect_selection': 'eager', 'log_cache_events': 'False', 'write_json': 'True', 'partial_parse': 'True', 'cache_selected_only': 'False', 'profiles_dir': '/home/ducnh51/dbt-snowflake', 'fail_fast': 'False', 'debug': 'False', 'log_path': 'logs', 'warn_error': 'None', 'version_check': 'True', 'use_colors': 'True', 'use_experimental_parser': 'False', 'empty': 'None', 'quiet': 'False', 'no_print': 'None', 'warn_error_options': 'WarnErrorOptions(include=[], exclude=[])', 'invocation_command': 'dbt debug', 'introspect': 'True', 'log_format': 'default', 'target_path': 'None', 'static_parser': 'True', 'send_anonymous_usage_stats': 'True'}
[0m22:53:02.131177 [info ] [MainThread]: dbt version: 1.9.1
[0m22:53:02.132240 [info ] [MainThread]: python version: 3.10.12
[0m22:53:02.133200 [info ] [MainThread]: python path: /usr/bin/python3
[0m22:53:02.134070 [info ] [MainThread]: os info: Linux-5.15.167.4-microsoft-standard-WSL2-x86_64-with-glibc2.35
[0m22:53:02.135688 [info ] [MainThread]: target not specified in profile 'fixed', using 'default'
[0m22:53:02.136503 [info ] [MainThread]: Using profiles dir at /home/ducnh51/dbt-snowflake
[0m22:53:02.136904 [info ] [MainThread]: Using profiles.yml file at /home/ducnh51/dbt-snowflake/profiles.yml
[0m22:53:02.137286 [info ] [MainThread]: Using dbt_project.yml file at /home/ducnh51/dbt-snowflake/dbt_project.yml
[0m22:53:02.137745 [info ] [MainThread]: Configuration:
[0m22:53:02.138120 [info ] [MainThread]:   profiles.yml file [[31mERROR invalid[0m]
[0m22:53:02.138547 [info ] [MainThread]:   dbt_project.yml file [[31mERROR not found[0m]
[0m22:53:02.138999 [info ] [MainThread]: Required dependencies:
[0m22:53:02.139598 [debug] [MainThread]: Executing "git --help"
[0m22:53:02.157724 [debug] [MainThread]: STDOUT: "b"usage: git [--version] [--help] [-C <path>] [-c <name>=<value>]\n           [--exec-path[=<path>]] [--html-path] [--man-path] [--info-path]\n           [-p | --paginate | -P | --no-pager] [--no-replace-objects] [--bare]\n           [--git-dir=<path>] [--work-tree=<path>] [--namespace=<name>]\n           [--super-prefix=<path>] [--config-env=<name>=<envvar>]\n           <command> [<args>]\n\nThese are common Git commands used in various situations:\n\nstart a working area (see also: git help tutorial)\n   clone     Clone a repository into a new directory\n   init      Create an empty Git repository or reinitialize an existing one\n\nwork on the current change (see also: git help everyday)\n   add       Add file contents to the index\n   mv        Move or rename a file, a directory, or a symlink\n   restore   Restore working tree files\n   rm        Remove files from the working tree and from the index\n\nexamine the history and state (see also: git help revisions)\n   bisect    Use binary search to find the commit that introduced a bug\n   diff      Show changes between commits, commit and working tree, etc\n   grep      Print lines matching a pattern\n   log       Show commit logs\n   show      Show various types of objects\n   status    Show the working tree status\n\ngrow, mark and tweak your common history\n   branch    List, create, or delete branches\n   commit    Record changes to the repository\n   merge     Join two or more development histories together\n   rebase    Reapply commits on top of another base tip\n   reset     Reset current HEAD to the specified state\n   switch    Switch branches\n   tag       Create, list, delete or verify a tag object signed with GPG\n\ncollaborate (see also: git help workflows)\n   fetch     Download objects and refs from another repository\n   pull      Fetch from and integrate with another repository or a local branch\n   push      Update remote refs along with associated objects\n\n'git help -a' and 'git help -g' list available subcommands and some\nconcept guides. See 'git help <command>' or 'git help <concept>'\nto read about a specific subcommand or concept.\nSee 'git help git' for an overview of the system.\n""
[0m22:53:02.158401 [debug] [MainThread]: STDERR: "b''"
[0m22:53:02.158979 [info ] [MainThread]:  - git [[32mOK found[0m]

[0m22:53:02.160283 [info ] [MainThread]: Connection test skipped since no profile was found
[0m22:53:02.161065 [info ] [MainThread]: [31m2 checks failed:[0m
[0m22:53:02.161611 [info ] [MainThread]: Could not load dbt_project.yml
Profile loading failed for the following reason:
Runtime Error
  outputs not specified in profile 'fixed'

Runtime Error
  outputs not specified in profile 'prompts'


[0m22:53:02.162187 [info ] [MainThread]: Project loading failed for the following reason:
 project path </home/ducnh51/dbt-snowflake/dbt_project.yml> not found

[0m22:53:02.164462 [debug] [MainThread]: Resource report: {"command_name": "debug", "command_success": false, "command_wall_clock_time": 0.1387981, "process_in_blocks": "50576", "process_kernel_time": 0.085968, "process_mem_max_rss": "86232", "process_out_blocks": "32", "process_user_time": 1.480567}
[0m22:53:02.165225 [debug] [MainThread]: Command `dbt debug` failed at 22:53:02.165037 after 0.14 seconds
[0m22:53:02.165803 [debug] [MainThread]: Sending event: {'category': 'dbt', 'action': 'invocation', 'label': 'end', 'context': [<snowplow_tracker.self_describing_json.SelfDescribingJson object at 0x7faf8372fa00>, <snowplow_tracker.self_describing_json.SelfDescribingJson object at 0x7faf843950f0>, <snowplow_tracker.self_describing_json.SelfDescribingJson object at 0x7faf84394880>]}
[0m22:53:02.166527 [debug] [MainThread]: Flushing usage events
[0m22:53:03.382283 [debug] [MainThread]: An error was encountered while trying to flush usage events
